<?xml version="1.0" encoding="UTF-8"?>
<!-- Generated by org.testng.reporters.JUnitReportReporter -->
<testsuite hostname="DESKTOP-EJDRMVG" failures="0" tests="1" name="demo.SampleTest" time="3.582" errors="0" timestamp="2024-08-22T19:05:57 IST" skipped="0">
  <testcase classname="demo.SampleTest" name="sampleGetReqTest" time="3.582"/>
</testsuite> <!-- demo.SampleTest -->
