<?xml version="1.0" encoding="UTF-8"?>
<!-- Generated by org.testng.reporters.JUnitReportReporter -->
<testsuite hostname="DESKTOP-EJDRMVG" failures="0" tests="1" name="practice.responseValidation.VerifyResponseHeaderTest" time="4.153" errors="0" timestamp="2024-08-26T15:18:18 IST" skipped="0">
  <testcase classname="practice.responseValidation.VerifyResponseHeaderTest" name="verifyHeader" time="4.153"/>
</testsuite> <!-- practice.responseValidation.VerifyResponseHeaderTest -->
