<?xml version="1.0" encoding="UTF-8"?>
<!-- Generated by org.testng.reporters.JUnitReportReporter -->
<testsuite hostname="DESKTOP-EJDRMVG" failures="0" tests="1" name="com.sample.crud.withoutBdd.SampleTestForReadTest" time="3.035" errors="0" timestamp="2024-08-23T17:50:53 IST" skipped="0">
  <testcase classname="com.sample.crud.withoutBdd.SampleTestForReadTest" name="getDataFromServer" time="3.035"/>
</testsuite> <!-- com.sample.crud.withoutBdd.SampleTestForReadTest -->
