<?xml version="1.0" encoding="UTF-8"?>
<!-- Generated by org.testng.reporters.JUnitReportReporter -->
<testsuite hostname="DESKTOP-EJDRMVG" failures="0" tests="1" name="typesParameter.QueryParameterTest" time="4.305" errors="0" timestamp="2024-08-27T18:06:18 IST" skipped="0">
  <testcase classname="typesParameter.QueryParameterTest" name="sampleTest" time="4.305"/>
</testsuite> <!-- typesParameter.QueryParameterTest -->
