<?xml version="1.0" encoding="UTF-8"?>
<!-- Generated by org.testng.reporters.JUnitReportReporter -->
<testsuite hostname="DESKTOP-EJDRMVG" failures="0" tests="1" name="reqChaining.Scenario_2_AddEmployeeToProject" time="5.284" errors="0" timestamp="2024-08-27T13:13:57 IST" skipped="0">
  <testcase classname="reqChaining.Scenario_2_AddEmployeeToProject" name="postDataToServer" time="5.284"/>
</testsuite> <!-- reqChaining.Scenario_2_AddEmployeeToProject -->
