<?xml version="1.0" encoding="UTF-8"?>
<!-- Generated by org.testng.reporters.JUnitReportReporter -->
<testsuite hostname="DESKTOP-EJDRMVG" failures="0" tests="1" name="com.sample.crud.withBdd.SampleTestForDeleteTest" time="4.932" errors="0" timestamp="2024-08-23T18:59:08 IST" skipped="0">
  <testcase classname="com.sample.crud.withBdd.SampleTestForDeleteTest" name="getDataFromServer" time="4.932"/>
</testsuite> <!-- com.sample.crud.withBdd.SampleTestForDeleteTest -->
