<?xml version="1.0" encoding="UTF-8"?>
<!-- Generated by org.testng.reporters.JUnitReportReporter -->
<testsuite hostname="DESKTOP-EJDRMVG" failures="0" tests="1" name="reqChaining.Scenario_1_Delete_Project" time="5.312" errors="0" timestamp="2024-08-27T17:54:24 IST" skipped="0">
  <testcase classname="reqChaining.Scenario_1_Delete_Project" name="postDataToServer" time="5.312"/>
</testsuite> <!-- reqChaining.Scenario_1_Delete_Project -->
