<?xml version="1.0" encoding="UTF-8"?>
<!-- Generated by org.testng.reporters.JUnitReportReporter -->
<testsuite hostname="DESKTOP-EJDRMVG" failures="0" tests="1" name="reqChaining.Scenario_3_getPayRollInfo" time="4.857" errors="0" timestamp="2024-08-27T17:49:01 IST" skipped="0">
  <testcase classname="reqChaining.Scenario_3_getPayRollInfo" name="sampleTest" time="4.857"/>
</testsuite> <!-- reqChaining.Scenario_3_getPayRollInfo -->
