<?xml version="1.0" encoding="UTF-8"?>
<!-- Generated by org.testng.reporters.JUnitReportReporter -->
<testsuite hostname="DESKTOP-EJDRMVG" failures="0" tests="1" name="panCardMock.PaymentTest" time="3.958" errors="0" timestamp="2024-08-30T14:47:21 IST" skipped="0">
  <testcase classname="panCardMock.PaymentTest" name="sampleTest" time="3.958"/>
</testsuite> <!-- panCardMock.PaymentTest -->
