<?xml version="1.0" encoding="UTF-8"?>
<!-- Generated by org.testng.reporters.JUnitReportReporter -->
<testsuite hostname="DESKTOP-EJDRMVG" failures="0" tests="1" name="authTest.Pre_emptiveAuthTest3" time="4.235" errors="0" timestamp="2024-08-28T11:01:30 IST" skipped="0">
  <testcase classname="authTest.Pre_emptiveAuthTest3" name="sampleTest" time="4.235"/>
</testsuite> <!-- authTest.Pre_emptiveAuthTest3 -->
