<?xml version="1.0" encoding="UTF-8"?>
<!-- Generated by org.testng.reporters.JUnitReportReporter -->
<testsuite hostname="DESKTOP-EJDRMVG" failures="0" tests="1" name="authTest.BearerTokenAuthTest" time="3.431" errors="0" timestamp="2024-08-28T12:10:57 IST" skipped="0">
  <testcase classname="authTest.BearerTokenAuthTest" name="sampleTest" time="3.431"/>
</testsuite> <!-- authTest.BearerTokenAuthTest -->
