<?xml version="1.0" encoding="UTF-8"?>
<!-- Generated by org.testng.reporters.JUnitReportReporter -->
<testsuite hostname="DESKTOP-EJDRMVG" failures="0" tests="1" name="encryption.EncodeAndDecodeTest" time="0.017" errors="0" timestamp="2024-08-28T14:58:02 IST" skipped="0">
  <testcase classname="encryption.EncodeAndDecodeTest" name="sampleTest" time="0.017"/>
</testsuite> <!-- encryption.EncodeAndDecodeTest -->
