<?xml version="1.0" encoding="UTF-8"?>
<!-- Generated by org.testng.reporters.JUnitReportReporter -->
<testsuite hostname="DESKTOP-EJDRMVG" failures="0" tests="1" name="pratice.PostRequestType.PostReq_via_JsonFileTest" time="3.284" errors="0" timestamp="2024-08-26T12:32:04 IST" skipped="0">
  <testcase classname="pratice.PostRequestType.PostReq_via_JsonFileTest" name="postDataToServer" time="3.284"/>
</testsuite> <!-- pratice.PostRequestType.PostReq_via_JsonFileTest -->
