<?xml version="1.0" encoding="UTF-8"?>
<!-- Generated by org.testng.reporters.JUnitReportReporter -->
<testsuite hostname="DESKTOP-EJDRMVG" failures="0" tests="1" name="authTest.DigestiveAuthTest2" time="3.875" errors="0" timestamp="2024-08-28T10:59:50 IST" skipped="0">
  <testcase classname="authTest.DigestiveAuthTest2" name="sampleTest" time="3.875"/>
</testsuite> <!-- authTest.DigestiveAuthTest2 -->
