<?xml version="1.0" encoding="UTF-8"?>
<!-- Generated by org.testng.reporters.JUnitReportReporter -->
<testsuite hostname="DESKTOP-EJDRMVG" failures="0" tests="15" name="reqres.EndPointsAutomated" time="18.893" errors="0" timestamp="2024-09-26T15:32:22 IST" skipped="0">
  <testcase classname="reqres.EndPointsAutomated" name="listOfResourse" time="0.727"/>
  <testcase classname="reqres.EndPointsAutomated" name="listUsers" time="0.219"/>
  <testcase classname="reqres.EndPointsAutomated" name="registerSuccessfull" time="0.619"/>
  <testcase classname="reqres.EndPointsAutomated" name="update" time="0.574"/>
  <testcase classname="reqres.EndPointsAutomated" name="singleUser" time="0.549"/>
  <testcase classname="reqres.EndPointsAutomated" name="delayResponse" time="3.757"/>
  <testcase classname="reqres.EndPointsAutomated" name="singleResourseNotFound" time="0.316"/>
  <testcase classname="reqres.EndPointsAutomated" name="singleUserNotFound" time="0.234"/>
  <testcase classname="reqres.EndPointsAutomated" name="registerUnSuccessfull" time="0.760"/>
  <testcase classname="reqres.EndPointsAutomated" name="loginSuccessfull" time="0.826"/>
  <testcase classname="reqres.EndPointsAutomated" name="loginUnSuccessfull" time="0.563"/>
  <testcase classname="reqres.EndPointsAutomated" name="delete" time="0.596"/>
  <testcase classname="reqres.EndPointsAutomated" name="create" time="8.000"/>
  <testcase classname="reqres.EndPointsAutomated" name="update1" time="0.529"/>
  <testcase classname="reqres.EndPointsAutomated" name="singleResourse" time="0.624"/>
</testsuite> <!-- reqres.EndPointsAutomated -->
