<?xml version="1.0" encoding="UTF-8"?>
<!-- Generated by org.testng.reporters.JUnitReportReporter -->
<testsuite hostname="DESKTOP-EJDRMVG" failures="0" tests="1" name="com.sample.crud.withBdd.SampleTestForReadTest" time="3.490" errors="0" timestamp="2024-08-23T18:24:13 IST" skipped="0">
  <testcase classname="com.sample.crud.withBdd.SampleTestForReadTest" name="getDataFromServer" time="3.490"/>
</testsuite> <!-- com.sample.crud.withBdd.SampleTestForReadTest -->
