<?xml version="1.0" encoding="UTF-8"?>
<!-- Generated by org.testng.reporters.JUnitReportReporter -->
<testsuite hostname="DESKTOP-EJDRMVG" failures="0" tests="1" name="practice.Run2" time="0.022" errors="0" timestamp="2024-08-23T10:30:29 IST" skipped="0">
  <testcase classname="practice.Run2" name="sampleTest" time="0.022"/>
</testsuite> <!-- practice.Run2 -->
