<?xml version="1.0" encoding="UTF-8"?>
<!-- Generated by org.testng.reporters.JUnitReportReporter -->
<testsuite hostname="DESKTOP-EJDRMVG" failures="0" tests="1" name="com.sample.crud.withBdd.SampleTestForCreateTest" time="3.214" errors="0" timestamp="2024-08-26T11:06:25 IST" skipped="0">
  <testcase classname="com.sample.crud.withBdd.SampleTestForCreateTest" name="postDataToServer" time="3.214"/>
</testsuite> <!-- com.sample.crud.withBdd.SampleTestForCreateTest -->
