<?xml version="1.0" encoding="UTF-8"?>
<!-- Generated by org.testng.reporters.JUnitReportReporter -->
<testsuite hostname="DESKTOP-EJDRMVG" failures="0" tests="1" name="practice.RunNS2" time="0.023" errors="0" timestamp="2024-08-23T10:42:42 IST" skipped="0">
  <testcase classname="practice.RunNS2" name="sampleTest" time="0.023"/>
</testsuite> <!-- practice.RunNS2 -->
