<?xml version="1.0" encoding="UTF-8"?>
<!-- Generated by org.testng.reporters.JUnitReportReporter -->
<testsuite hostname="DESKTOP-EJDRMVG" failures="0" tests="1" name="practice.responseValidation.VerifyResponseTimeTest" time="2.947" errors="0" timestamp="2024-08-26T15:53:04 IST" skipped="0">
  <testcase classname="practice.responseValidation.VerifyResponseTimeTest" name="verifyResponseTime" time="2.947"/>
</testsuite> <!-- practice.responseValidation.VerifyResponseTimeTest -->
