<?xml version="1.0" encoding="UTF-8"?>
<!-- Generated by org.testng.reporters.JUnitReportReporter -->
<testsuite hostname="DESKTOP-EJDRMVG" failures="0" tests="1" name="practice.SampleTestUsingMtdChainingTest" time="3.705" errors="0" timestamp="2024-08-23T12:37:22 IST" skipped="0">
  <testcase classname="practice.SampleTestUsingMtdChainingTest" name="getRequestTest" time="3.705"/>
</testsuite> <!-- practice.SampleTestUsingMtdChainingTest -->
