<?xml version="1.0" encoding="UTF-8"?>
<!-- Generated by org.testng.reporters.JUnitReportReporter -->
<testsuite hostname="DESKTOP-EJDRMVG" failures="0" tests="1" name="authTest.BasicAuthTest" time="3.295" errors="0" timestamp="2024-08-28T10:58:17 IST" skipped="0">
  <testcase classname="authTest.BasicAuthTest" name="sampleTest" time="3.295"/>
</testsuite> <!-- authTest.BasicAuthTest -->
