<?xml version="1.0" encoding="UTF-8"?>
<!-- Generated by org.testng.reporters.JUnitReportReporter -->
<testsuite hostname="DESKTOP-EJDRMVG" failures="0" tests="1" name="pratice.PostRequestType.PostReq_via_JsonObject" time="3.997" errors="0" timestamp="2024-08-26T11:26:07 IST" skipped="0">
  <testcase classname="pratice.PostRequestType.PostReq_via_JsonObject" name="postDataToServer" time="3.997"/>
</testsuite> <!-- pratice.PostRequestType.PostReq_via_JsonObject -->
