<?xml version="1.0" encoding="UTF-8"?>
<!-- Generated by org.testng.reporters.JUnitReportReporter -->
<testsuite hostname="DESKTOP-EJDRMVG" failures="0" tests="1" name="practice.RunS2" time="0.023" errors="0" timestamp="2024-08-23T10:48:30 IST" skipped="0">
  <testcase classname="practice.RunS2" name="sampleTest" time="0.023"/>
</testsuite> <!-- practice.RunS2 -->
