<?xml version="1.0" encoding="UTF-8"?>
<!-- Generated by org.testng.reporters.JUnitReportReporter -->
<testsuite hostname="DESKTOP-EJDRMVG" failures="0" tests="1" name="typesParameter.ParamParameterTest4" time="4.492" errors="0" timestamp="2024-08-27T18:05:37 IST" skipped="0">
  <testcase classname="typesParameter.ParamParameterTest4" name="sampleTest" time="4.492"/>
</testsuite> <!-- typesParameter.ParamParameterTest4 -->
