<?xml version="1.0" encoding="UTF-8"?>
<!-- Generated by org.testng.reporters.JUnitReportReporter -->
<testsuite hostname="DESKTOP-EJDRMVG" failures="0" tests="1" name="pratice.PostRequestType.PostReq_via_PojoClass" time="3.725" errors="0" timestamp="2024-08-26T12:59:49 IST" skipped="0">
  <testcase classname="pratice.PostRequestType.PostReq_via_PojoClass" name="postDataToServer" time="3.725"/>
</testsuite> <!-- pratice.PostRequestType.PostReq_via_PojoClass -->
