<?xml version="1.0" encoding="UTF-8"?>
<!-- Generated by org.testng.reporters.JUnitReportReporter -->
<testsuite hostname="DESKTOP-EJDRMVG" failures="0" tests="1" name="practice.Run1" time="0.034" errors="0" timestamp="2024-08-22T19:57:42 IST" skipped="0">
  <testcase classname="practice.Run1" name="sampleTest" time="0.034"/>
</testsuite> <!-- practice.Run1 -->
