<?xml version="1.0" encoding="UTF-8"?>
<!-- Generated by org.testng.reporters.JUnitReportReporter -->
<testsuite hostname="DESKTOP-EJDRMVG" failures="0" tests="1" name="practice.responseValidation.VerifyResponseBody_Vai_JsonPath" time="4.822" errors="0" timestamp="2024-08-27T10:14:00 IST" skipped="0">
  <testcase classname="practice.responseValidation.VerifyResponseBody_Vai_JsonPath" name="sampleTest" time="4.822"/>
</testsuite> <!-- practice.responseValidation.VerifyResponseBody_Vai_JsonPath -->
