<?xml version="1.0" encoding="UTF-8"?>
<!-- Generated by org.testng.reporters.JUnitReportReporter -->
<testsuite hostname="DESKTOP-EJDRMVG" failures="0" tests="1" name="encryption.AESEnpTest" time="0.117" errors="0" timestamp="2024-08-28T16:04:36 IST" skipped="0">
  <testcase classname="encryption.AESEnpTest" name="sampleTest" time="0.117"/>
</testsuite> <!-- encryption.AESEnpTest -->
