<?xml version="1.0" encoding="UTF-8"?>
<!-- Generated by org.testng.reporters.JUnitReportReporter -->
<testsuite hostname="DESKTOP-EJDRMVG" failures="0" tests="1" name="practice.responseValidation.VerifyData_ComplexJsonxpath" time="3.079" errors="0" timestamp="2024-08-27T10:50:29 IST" skipped="0">
  <testcase classname="practice.responseValidation.VerifyData_ComplexJsonxpath" name="sampleTest" time="3.079"/>
</testsuite> <!-- practice.responseValidation.VerifyData_ComplexJsonxpath -->
