<?xml version="1.0" encoding="UTF-8"?>
<!-- Generated by org.testng.reporters.JUnitReportReporter -->
<testsuite hostname="DESKTOP-EJDRMVG" failures="0" tests="1" name="typesParameter.FormParameterTest3" time="2.895" errors="0" timestamp="2024-08-27T18:07:50 IST" skipped="0">
  <testcase classname="typesParameter.FormParameterTest3" name="sampleTest" time="2.895"/>
</testsuite> <!-- typesParameter.FormParameterTest3 -->
