<?xml version="1.0" encoding="UTF-8"?>
<!-- Generated by org.testng.reporters.JUnitReportReporter -->
<testsuite hostname="DESKTOP-EJDRMVG" failures="0" tests="1" name="com.sample.crud.withoutBdd.SampleTestForCreateTest" time="2.956" errors="0" timestamp="2024-08-23T17:24:01 IST" skipped="0">
  <testcase classname="com.sample.crud.withoutBdd.SampleTestForCreateTest" name="getDataFromServer" time="2.956"/>
</testsuite> <!-- com.sample.crud.withoutBdd.SampleTestForCreateTest -->
