<?xml version="1.0" encoding="UTF-8"?>
<!-- Generated by org.testng.reporters.JUnitReportReporter -->
<testsuite hostname="DESKTOP-EJDRMVG" failures="0" tests="1" name="com.sample.crud.withoutBdd.SampleTestForPartialUpdateTest" time="3.050" errors="0" timestamp="2024-08-23T17:46:54 IST" skipped="0">
  <testcase classname="com.sample.crud.withoutBdd.SampleTestForPartialUpdateTest" name="postDataToServer" time="3.050"/>
</testsuite> <!-- com.sample.crud.withoutBdd.SampleTestForPartialUpdateTest -->
