<?xml version="1.0" encoding="UTF-8"?>
<!-- Generated by org.testng.reporters.JUnitReportReporter -->
<testsuite hostname="DESKTOP-EJDRMVG" failures="0" tests="1" name="typesParameter.PathParameter" time="3.091" errors="0" timestamp="2024-08-27T17:55:08 IST" skipped="0">
  <testcase classname="typesParameter.PathParameter" name="sampleTest" time="3.091"/>
</testsuite> <!-- typesParameter.PathParameter -->
